<?xml version="1.0" encoding="UTF-8"?>
<testsuite xmlns:xsi="http://www.w3.org/2001/XMLSchema-instance" xsi:noNamespaceSchemaLocation="https://maven.apache.org/surefire/maven-surefire-plugin/xsd/surefire-test-report-3.0.xsd" version="3.0" name="org.person.demo.DemoApplicationTests" time="9.872" tests="1" errors="0" skipped="0" failures="0">
  <properties>
[...]
</properties>
  <testcase name="contextLoads" classname="org.person.demo.DemoApplicationTests" time="2.201">
    <system-out><![CDATA[14:15:25.233 [main] INFO org.springframework.test.context.support.AnnotationConfigContextLoaderUtils -- Could not detect default configuration classes for test class [org.person.demo.DemoApplicationTests]: DemoApplicationTests does not declare any static, non-private, non-final, nested classes annotated with @Configuration.
14:15:25.511 [main] INFO org.springframework.boot.test.context.SpringBootTestContextBootstrapper -- Found @SpringBootConfiguration org.person.demo.DemoApplication for test class org.person.demo.DemoApplicationTests

  .   ____          _            __ _ _
 /\\ / ___'_ __ _ _(_)_ __  __ _ \ \ \ \
( ( )\___ | '_ | '_| | '_ \/ _` | \ \ \ \
 \\/  ___)| |_)| | | | | || (_| |  ) ) ) )
  '  |____| .__|_| |_|_| |_\__, | / / / /
 =========|_|==============|___/=/_/_/_/
 :: Spring Boot ::                (v3.2.4)

2024-03-28T14:15:26.827+01:00  INFO 2512 --- [demo] [           main] org.person.demo.DemoApplicationTests     : Starting DemoApplicationTests using Java 21.0.2 with PID 2512 (started by ABC in C:\Users\ABC\Videos\Java\demo)
2024-03-28T14:15:26.829+01:00  INFO 2512 --- [demo] [           main] org.person.demo.DemoApplicationTests     : No active profile set, falling back to 1 default profile: "default"
2024-03-28T14:15:28.495+01:00  INFO 2512 --- [demo] [           main] .s.d.r.c.RepositoryConfigurationDelegate : Bootstrapping Spring Data MongoDB repositories in DEFAULT mode.
2024-03-28T14:15:28.644+01:00  INFO 2512 --- [demo] [           main] .s.d.r.c.RepositoryConfigurationDelegate : Finished Spring Data repository scanning in 134 ms. Found 1 MongoDB repository interface.
2024-03-28T14:15:29.736+01:00  INFO 2512 --- [demo] [           main] org.mongodb.driver.client                : MongoClient with metadata {"driver": {"name": "mongo-java-driver|sync|spring-boot", "version": "4.11.1"}, "os": {"type": "Windows", "name": "Windows 10", "architecture": "amd64", "version": "10.0"}, "platform": "Java/Oracle Corporation/21.0.2+13-58"} created with settings MongoClientSettings{readPreference=primary, writeConcern=WriteConcern{w=null, wTimeout=null ms, journal=null}, retryWrites=true, retryReads=true, readConcern=ReadConcern{level=null}, credential=MongoCredential{mechanism=null, userName='admin', source='admin', password=<hidden>, mechanismProperties=<hidden>}, transportSettings=null, streamFactoryFactory=null, commandListeners=[], codecRegistry=ProvidersCodecRegistry{codecProviders=[ValueCodecProvider{}, BsonValueCodecProvider{}, DBRefCodecProvider{}, DBObjectCodecProvider{}, DocumentCodecProvider{}, CollectionCodecProvider{}, IterableCodecProvider{}, MapCodecProvider{}, GeoJsonCodecProvider{}, GridFSFileCodecProvider{}, Jsr310CodecProvider{}, JsonObjectCodecProvider{}, BsonCodecProvider{}, EnumCodecProvider{}, com.mongodb.client.model.mql.ExpressionCodecProvider@22c53d82, com.mongodb.Jep395RecordCodecProvider@3a6045c6, com.mongodb.KotlinCodecProvider@68d6d775]}, loggerSettings=LoggerSettings{maxDocumentLength=1000}, clusterSettings={hosts=[127.0.0.1:27017], srvHost=cluster0.ls8dahc.mongodb.net, srvServiceName=mongodb, mode=MULTIPLE, requiredClusterType=REPLICA_SET, requiredReplicaSetName='atlas-wbb0l7-shard-0', serverSelector='null', clusterListeners='[]', serverSelectionTimeout='30000 ms', localThreshold='15 ms'}, socketSettings=SocketSettings{connectTimeoutMS=10000, readTimeoutMS=0, receiveBufferSize=0, proxySettings=ProxySettings{host=null, port=null, username=null, password=null}}, heartbeatSocketSettings=SocketSettings{connectTimeoutMS=10000, readTimeoutMS=10000, receiveBufferSize=0, proxySettings=ProxySettings{host=null, port=null, username=null, password=null}}, connectionPoolSettings=ConnectionPoolSettings{maxSize=100, minSize=0, maxWaitTimeMS=120000, maxConnectionLifeTimeMS=0, maxConnectionIdleTimeMS=0, maintenanceInitialDelayMS=0, maintenanceFrequencyMS=60000, connectionPoolListeners=[], maxConnecting=2}, serverSettings=ServerSettings{heartbeatFrequencyMS=10000, minHeartbeatFrequencyMS=500, serverListeners='[]', serverMonitorListeners='[]'}, sslSettings=SslSettings{enabled=true, invalidHostNameAllowed=false, context=null}, applicationName='null', compressorList=[], uuidRepresentation=JAVA_LEGACY, serverApi=null, autoEncryptionSettings=null, dnsClient=null, inetAddressResolver=null, contextProvider=null}
2024-03-28T14:15:29.737+01:00  INFO 2512 --- [demo] [ahc.mongodb.net] org.mongodb.driver.cluster               : Adding discovered server ac-rf3m60s-shard-00-00.ls8dahc.mongodb.net:27017 to client view of cluster
2024-03-28T14:15:29.819+01:00  INFO 2512 --- [demo] [ahc.mongodb.net] org.mongodb.driver.cluster               : Adding discovered server ac-rf3m60s-shard-00-02.ls8dahc.mongodb.net:27017 to client view of cluster
2024-03-28T14:15:29.846+01:00  INFO 2512 --- [demo] [ahc.mongodb.net] org.mongodb.driver.cluster               : Adding discovered server ac-rf3m60s-shard-00-01.ls8dahc.mongodb.net:27017 to client view of cluster
2024-03-28T14:15:31.634+01:00  INFO 2512 --- [demo] [ngodb.net:27017] org.mongodb.driver.cluster               : Monitor thread successfully connected to server with description ServerDescription{address=ac-rf3m60s-shard-00-01.ls8dahc.mongodb.net:27017, type=REPLICA_SET_SECONDARY, state=CONNECTED, ok=true, minWireVersion=0, maxWireVersion=21, maxDocumentSize=16777216, logicalSessionTimeoutMinutes=30, roundTripTimeNanos=935053200, setName='atlas-wbb0l7-shard-0', canonicalAddress=ac-rf3m60s-shard-00-01.ls8dahc.mongodb.net:27017, hosts=[ac-rf3m60s-shard-00-01.ls8dahc.mongodb.net:27017, ac-rf3m60s-shard-00-00.ls8dahc.mongodb.net:27017, ac-rf3m60s-shard-00-02.ls8dahc.mongodb.net:27017], passives=[], arbiters=[], primary='ac-rf3m60s-shard-00-02.ls8dahc.mongodb.net:27017', tagSet=TagSet{[Tag{name='availabilityZone', value='afs1-az2'}, Tag{name='diskState', value='READY'}, Tag{name='nodeType', value='ELECTABLE'}, Tag{name='provider', value='AWS'}, Tag{name='region', value='AF_SOUTH_1'}, Tag{name='workloadType', value='OPERATIONAL'}]}, electionId=null, setVersion=3, topologyVersion=TopologyVersion{processId=65f9c68754bfaa41d918f5c9, counter=3}, lastWriteDate=Thu Mar 28 14:15:31 WAT 2024, lastUpdateTimeNanos=782384703006800}
2024-03-28T14:15:31.635+01:00  INFO 2512 --- [demo] [ngodb.net:27017] org.mongodb.driver.cluster               : Monitor thread successfully connected to server with description ServerDescription{address=ac-rf3m60s-shard-00-02.ls8dahc.mongodb.net:27017, type=REPLICA_SET_PRIMARY, state=CONNECTED, ok=true, minWireVersion=0, maxWireVersion=21, maxDocumentSize=16777216, logicalSessionTimeoutMinutes=30, roundTripTimeNanos=934341400, setName='atlas-wbb0l7-shard-0', canonicalAddress=ac-rf3m60s-shard-00-02.ls8dahc.mongodb.net:27017, hosts=[ac-rf3m60s-shard-00-01.ls8dahc.mongodb.net:27017, ac-rf3m60s-shard-00-00.ls8dahc.mongodb.net:27017, ac-rf3m60s-shard-00-02.ls8dahc.mongodb.net:27017], passives=[], arbiters=[], primary='ac-rf3m60s-shard-00-02.ls8dahc.mongodb.net:27017', tagSet=TagSet{[Tag{name='availabilityZone', value='afs1-az3'}, Tag{name='diskState', value='READY'}, Tag{name='nodeType', value='ELECTABLE'}, Tag{name='provider', value='AWS'}, Tag{name='region', value='AF_SOUTH_1'}, Tag{name='workloadType', value='OPERATIONAL'}]}, electionId=7fffffff000000000000002f, setVersion=3, topologyVersion=TopologyVersion{processId=65f9c635fbee109cdc89d0c3, counter=6}, lastWriteDate=Thu Mar 28 14:15:31 WAT 2024, lastUpdateTimeNanos=782384702214100}
2024-03-28T14:15:31.635+01:00  INFO 2512 --- [demo] [ngodb.net:27017] org.mongodb.driver.cluster               : Monitor thread successfully connected to server with description ServerDescription{address=ac-rf3m60s-shard-00-00.ls8dahc.mongodb.net:27017, type=REPLICA_SET_SECONDARY, state=CONNECTED, ok=true, minWireVersion=0, maxWireVersion=21, maxDocumentSize=16777216, logicalSessionTimeoutMinutes=30, roundTripTimeNanos=935522400, setName='atlas-wbb0l7-shard-0', canonicalAddress=ac-rf3m60s-shard-00-00.ls8dahc.mongodb.net:27017, hosts=[ac-rf3m60s-shard-00-01.ls8dahc.mongodb.net:27017, ac-rf3m60s-shard-00-00.ls8dahc.mongodb.net:27017, ac-rf3m60s-shard-00-02.ls8dahc.mongodb.net:27017], passives=[], arbiters=[], primary='ac-rf3m60s-shard-00-02.ls8dahc.mongodb.net:27017', tagSet=TagSet{[Tag{name='availabilityZone', value='afs1-az1'}, Tag{name='diskState', value='READY'}, Tag{name='nodeType', value='ELECTABLE'}, Tag{name='provider', value='AWS'}, Tag{name='region', value='AF_SOUTH_1'}, Tag{name='workloadType', value='OPERATIONAL'}]}, electionId=null, setVersion=3, topologyVersion=TopologyVersion{processId=65f9c5e2e29b0f7748cd1120, counter=4}, lastWriteDate=Thu Mar 28 14:15:31 WAT 2024, lastUpdateTimeNanos=782384703006800}
2024-03-28T14:15:31.644+01:00  INFO 2512 --- [demo] [ngodb.net:27017] org.mongodb.driver.cluster               : Discovered replica set primary ac-rf3m60s-shard-00-02.ls8dahc.mongodb.net:27017 with max election id 7fffffff000000000000002f and max set version 3
2024-03-28T14:15:32.275+01:00  INFO 2512 --- [demo] [           main] org.person.demo.DemoApplicationTests     : Started DemoApplicationTests in 6.133 seconds (process running for 11.021)
]]></system-out>
    <system-err><![CDATA[WARNING: A Java agent has been loaded dynamically (C:\Users\ABC\.m2\repository\net\bytebuddy\byte-buddy-agent\1.14.12\byte-buddy-agent-1.14.12.jar)
WARNING: If a serviceability tool is in use, please run with -XX:+EnableDynamicAgentLoading to hide this warning
WARNING: If a serviceability tool is not in use, please run with -Djdk.instrument.traceUsage for more information
WARNING: Dynamic loading of agents will be disallowed by default in a future release
]]></system-err>
  </testcase>
</testsuite>